护航成长/app/build/intermediates/manifest_merge_blame_file/release/processReleaseMainManifest/manifest-merger-blame-release-report.txt
1<?xml version="1.0" encoding="utf-8"?>
2<manifest xmlns:android="http://schemas.android.com/apk/res/android"
3    package="com.padguard.child"
4    android:versionCode="1"
5    android:versionName="1.0.0" >
6
7    <uses-sdk
8        android:minSdkVersion="26"
9        android:targetSdkVersion="35" />
10
11    <!-- 网络与运行状态读取 -->
12    <uses-permission android:name="android.permission.INTERNET" />
12-->src\main\AndroidManifest.xml:6:5-67
12-->src\main\AndroidManifest.xml:6:22-64
13    <uses-permission android:name="android.permission.ACCESS_NETWORK_STATE" />
13-->src\main\AndroidManifest.xml:7:5-79
13-->src\main\AndroidManifest.xml:7:22-76
14    <uses-permission android:name="android.permission.ACCESS_WIFI_STATE" />
14-->src\main\AndroidManifest.xml:8:5-76
14-->src\main\AndroidManifest.xml:8:22-73
15
16    <!-- 开机 / 覆盖安装后自启守护服务 -->
17    <uses-permission android:name="android.permission.RECEIVE_BOOT_COMPLETED" />
17-->src\main\AndroidManifest.xml:11:5-81
17-->src\main\AndroidManifest.xml:11:22-78
18
19    <!-- 前台服务：常驻守护 -->
20    <uses-permission android:name="android.permission.FOREGROUND_SERVICE" />
20-->src\main\AndroidManifest.xml:14:5-77
20-->src\main\AndroidManifest.xml:14:22-74
21    <uses-permission android:name="android.permission.FOREGROUND_SERVICE_DATA_SYNC" />
21-->src\main\AndroidManifest.xml:15:5-87
21-->src\main\AndroidManifest.xml:15:22-84
22    <uses-permission android:name="android.permission.FOREGROUND_SERVICE_SPECIAL_USE" />
22-->src\main\AndroidManifest.xml:16:5-89
22-->src\main\AndroidManifest.xml:16:22-86
23
24    <!-- Android 13+ 通知运行时权限 -->
25    <uses-permission android:name="android.permission.POST_NOTIFICATIONS" />
25-->src\main\AndroidManifest.xml:19:5-77
25-->src\main\AndroidManifest.xml:19:22-74
26    <!-- 采集能力：应用使用统计（用户需在设置中授权「使用情况访问权限」） -->
27    <uses-permission android:name="android.permission.PACKAGE_USAGE_STATS" />
27-->[:core:engine] AndroidManifest.xml:9:5-12:47
27-->[:core:engine] AndroidManifest.xml:11:9-62
28    <uses-permission android:name="android.permission.WAKE_LOCK" />
28-->[:core:engine] AndroidManifest.xml:16:5-68
28-->[:core:engine] AndroidManifest.xml:16:22-65
29    <uses-permission android:name="android.permission.REQUEST_DELETE_PACKAGES" />
29-->[:core:engine] AndroidManifest.xml:17:5-82
29-->[:core:engine] AndroidManifest.xml:17:22-79
30
31    <permission
31-->[androidx.core:core:1.15.0] AndroidManifest.xml:22:5-24:47
32        android:name="com.padguard.child.DYNAMIC_RECEIVER_NOT_EXPORTED_PERMISSION"
32-->[androidx.core:core:1.15.0] AndroidManifest.xml:23:9-81
33        android:protectionLevel="signature" />
33-->[androidx.core:core:1.15.0] AndroidManifest.xml:24:9-44
34
35    <uses-permission android:name="com.padguard.child.DYNAMIC_RECEIVER_NOT_EXPORTED_PERMISSION" />
35-->[androidx.core:core:1.15.0] AndroidManifest.xml:26:5-97
35-->[androidx.core:core:1.15.0] AndroidManifest.xml:26:22-94
36    <!--
37      锁屏/拦截覆盖层不需要 SYSTEM_ALERT_WINDOW：
38      它们是普通 Activity（NEW_TASK 拉起），靠 setShowWhenLocked 在锁屏之上显示，
39      属于系统豁免范围，不强制申请悬浮窗权限。
40    -->
41    <application
41-->src\main\AndroidManifest.xml:27:5-106:19
42        android:name="com.padguard.child.PadGuardApplication"
42-->src\main\AndroidManifest.xml:28:9-44
43        android:allowBackup="false"
43-->src\main\AndroidManifest.xml:29:9-36
44        android:appComponentFactory="androidx.core.app.CoreComponentFactory"
44-->[androidx.core:core:1.15.0] AndroidManifest.xml:28:18-86
45        android:extractNativeLibs="false"
46        android:label="@string/app_name"
46-->src\main\AndroidManifest.xml:30:9-41
47        android:supportsRtl="true"
47-->src\main\AndroidManifest.xml:32:9-35
48        android:theme="@style/Theme.PadGuard" >
48-->src\main\AndroidManifest.xml:31:9-46
49
50        <!-- 入口：设备绑定 / 状态查看 -->
51        <activity
51-->src\main\AndroidManifest.xml:35:9-43:20
52            android:name="com.padguard.child.MainActivity"
52-->src\main\AndroidManifest.xml:36:13-41
53            android:exported="true"
53-->src\main\AndroidManifest.xml:37:13-36
54            android:launchMode="singleTop" >
54-->src\main\AndroidManifest.xml:38:13-43
55            <intent-filter>
55-->src\main\AndroidManifest.xml:39:13-42:29
56                <action android:name="android.intent.action.MAIN" />
56-->src\main\AndroidManifest.xml:40:17-69
56-->src\main\AndroidManifest.xml:40:25-66
57
58                <category android:name="android.intent.category.LAUNCHER" />
58-->src\main\AndroidManifest.xml:41:17-77
58-->src\main\AndroidManifest.xml:41:27-74
59            </intent-filter>
60        </activity>
61
62        <!-- 锁屏覆盖层：无解锁入口 -->
63        <activity
63-->src\main\AndroidManifest.xml:46:9-51:58
64            android:name="com.padguard.child.ui.lock.LockScreenActivity"
64-->src\main\AndroidManifest.xml:47:13-55
65            android:excludeFromRecents="true"
65-->src\main\AndroidManifest.xml:50:13-46
66            android:exported="false"
66-->src\main\AndroidManifest.xml:48:13-37
67            android:launchMode="singleTask"
67-->src\main\AndroidManifest.xml:49:13-44
68            android:theme="@style/Theme.PadGuard.Lock" />
68-->src\main\AndroidManifest.xml:51:13-55
69
70        <!-- 应用违规拦截覆盖层 -->
71        <activity
71-->src\main\AndroidManifest.xml:54:9-59:58
72            android:name="com.padguard.child.ui.block.AppBlockActivity"
72-->src\main\AndroidManifest.xml:55:13-54
73            android:excludeFromRecents="true"
73-->src\main\AndroidManifest.xml:58:13-46
74            android:exported="false"
74-->src\main\AndroidManifest.xml:56:13-37
75            android:launchMode="singleTask"
75-->src\main\AndroidManifest.xml:57:13-44
76            android:theme="@style/Theme.PadGuard.Lock" />
76-->src\main\AndroidManifest.xml:59:13-55
77
78        <!-- 管理员消息/公告全屏弹窗 -->
79        <activity
79-->src\main\AndroidManifest.xml:62:9-67:58
80            android:name="com.padguard.child.ui.message.MessageActivity"
80-->src\main\AndroidManifest.xml:63:13-55
81            android:excludeFromRecents="true"
81-->src\main\AndroidManifest.xml:66:13-46
82            android:exported="false"
82-->src\main\AndroidManifest.xml:64:13-37
83            android:launchMode="singleTask"
83-->src\main\AndroidManifest.xml:65:13-44
84            android:theme="@style/Theme.PadGuard.Lock" />
84-->src\main\AndroidManifest.xml:67:13-55
85
86        <!-- 常驻守护服务（GuardService） -->
87        <service
87-->src\main\AndroidManifest.xml:70:9-78:19
88            android:name="com.padguard.child.service.GuardService"
88-->src\main\AndroidManifest.xml:71:13-49
89            android:exported="false"
89-->src\main\AndroidManifest.xml:72:13-37
90            android:foregroundServiceType="dataSync|specialUse" >
90-->src\main\AndroidManifest.xml:73:13-64
91
92            <!-- API 34+ 用 specialUse 必须声明子类型理由，否则安装/启动报 SecurityException -->
93            <property
93-->src\main\AndroidManifest.xml:75:13-77:86
94                android:name="android.app.PROPERTY_SPECIAL_USE_FGS_SUBTYPE"
94-->src\main\AndroidManifest.xml:76:17-76
95                android:value="device management / parental-control guard service" />
95-->src\main\AndroidManifest.xml:77:17-83
96        </service>
97
98        <!-- 设备管理器 / Device Owner 锚点 -->
99        <receiver
99-->src\main\AndroidManifest.xml:81:9-91:20
100            android:name="com.padguard.child.receiver.PadGuardDeviceAdminReceiver"
100-->src\main\AndroidManifest.xml:82:13-65
101            android:exported="false"
101-->src\main\AndroidManifest.xml:83:13-37
102            android:permission="android.permission.BIND_DEVICE_ADMIN" >
102-->src\main\AndroidManifest.xml:84:13-70
103            <meta-data
103-->src\main\AndroidManifest.xml:85:13-87:56
104                android:name="android.app.device_admin"
104-->src\main\AndroidManifest.xml:86:17-56
105                android:resource="@xml/device_admin" />
105-->src\main\AndroidManifest.xml:87:17-53
106
107            <intent-filter>
107-->src\main\AndroidManifest.xml:88:13-90:29
108                <action android:name="android.app.action.DEVICE_ADMIN_ENABLED" />
108-->src\main\AndroidManifest.xml:89:17-82
108-->src\main\AndroidManifest.xml:89:25-79
109            </intent-filter>
110        </receiver>
111
112        <!-- 开机 / 覆盖安装广播：拉起守护服务 -->
113        <receiver
113-->src\main\AndroidManifest.xml:94:9-105:20
114            android:name="com.padguard.child.receiver.BootReceiver"
114-->src\main\AndroidManifest.xml:95:13-50
115            android:enabled="true"
115-->src\main\AndroidManifest.xml:97:13-35
116            android:exported="true" >
116-->src\main\AndroidManifest.xml:96:13-36
117            <intent-filter>
117-->src\main\AndroidManifest.xml:98:13-104:29
118                <action android:name="android.intent.action.BOOT_COMPLETED" />
118-->src\main\AndroidManifest.xml:99:17-79
118-->src\main\AndroidManifest.xml:99:25-76
119                <action android:name="android.intent.action.MY_PACKAGE_REPLACED" />
119-->src\main\AndroidManifest.xml:100:17-84
119-->src\main\AndroidManifest.xml:100:25-81
120                <!-- 部分国产 ROM 快速开机替代广播 -->
121                <action android:name="android.intent.action.QUICKBOOT_POWERON" />
121-->src\main\AndroidManifest.xml:102:17-82
121-->src\main\AndroidManifest.xml:102:25-79
122                <action android:name="com.htc.intent.action.QUICKBOOT_POWERON" />
122-->src\main\AndroidManifest.xml:103:17-82
122-->src\main\AndroidManifest.xml:103:25-79
123            </intent-filter>
124        </receiver>
125
126        <provider
126-->[androidx.work:work-runtime:2.10.0] AndroidManifest.xml:29:9-37:20
127            android:name="androidx.startup.InitializationProvider"
127-->[androidx.work:work-runtime:2.10.0] AndroidManifest.xml:30:13-67
128            android:authorities="com.padguard.child.androidx-startup"
128-->[androidx.work:work-runtime:2.10.0] AndroidManifest.xml:31:13-68
129            android:exported="false" >
129-->[androidx.work:work-runtime:2.10.0] AndroidManifest.xml:32:13-37
130            <meta-data
130-->[androidx.work:work-runtime:2.10.0] AndroidManifest.xml:34:13-36:52
131                android:name="androidx.work.WorkManagerInitializer"
131-->[androidx.work:work-runtime:2.10.0] AndroidManifest.xml:35:17-68
132                android:value="androidx.startup" />
132-->[androidx.work:work-runtime:2.10.0] AndroidManifest.xml:36:17-49
133            <meta-data
133-->[androidx.emoji2:emoji2:1.3.0] AndroidManifest.xml:29:13-31:52
134                android:name="androidx.emoji2.text.EmojiCompatInitializer"
134-->[androidx.emoji2:emoji2:1.3.0] AndroidManifest.xml:30:17-75
135                android:value="androidx.startup" />
135-->[androidx.emoji2:emoji2:1.3.0] AndroidManifest.xml:31:17-49
136            <meta-data
136-->[androidx.lifecycle:lifecycle-process:2.8.7] AndroidManifest.xml:29:13-31:52
137                android:name="androidx.lifecycle.ProcessLifecycleInitializer"
137-->[androidx.lifecycle:lifecycle-process:2.8.7] AndroidManifest.xml:30:17-78
138                android:value="androidx.startup" />
138-->[androidx.lifecycle:lifecycle-process:2.8.7] AndroidManifest.xml:31:17-49
139            <meta-data
139-->[androidx.profileinstaller:profileinstaller:1.3.1] AndroidManifest.xml:29:13-31:52
140                android:name="androidx.profileinstaller.ProfileInstallerInitializer"
140-->[androidx.profileinstaller:profileinstaller:1.3.1] AndroidManifest.xml:30:17-85
141                android:value="androidx.startup" />
141-->[androidx.profileinstaller:profileinstaller:1.3.1] AndroidManifest.xml:31:17-49
142        </provider>
143
144        <service
144-->[androidx.work:work-runtime:2.10.0] AndroidManifest.xml:39:9-45:35
145            android:name="androidx.work.impl.background.systemalarm.SystemAlarmService"
145-->[androidx.work:work-runtime:2.10.0] AndroidManifest.xml:40:13-88
146            android:directBootAware="false"
146-->[androidx.work:work-runtime:2.10.0] AndroidManifest.xml:41:13-44
147            android:enabled="@bool/enable_system_alarm_service_default"
147-->[androidx.work:work-runtime:2.10.0] AndroidManifest.xml:42:13-72
148            android:exported="false" />
148-->[androidx.work:work-runtime:2.10.0] AndroidManifest.xml:43:13-37
149        <service
149-->[androidx.work:work-runtime:2.10.0] AndroidManifest.xml:46:9-52:35
150            android:name="androidx.work.impl.background.systemjob.SystemJobService"
150-->[androidx.work:work-runtime:2.10.0] AndroidManifest.xml:47:13-84
151            android:directBootAware="false"
151-->[androidx.work:work-runtime:2.10.0] AndroidManifest.xml:48:13-44
152            android:enabled="@bool/enable_system_job_service_default"
152-->[androidx.work:work-runtime:2.10.0] AndroidManifest.xml:49:13-70
153            android:exported="true"
153-->[androidx.work:work-runtime:2.10.0] AndroidManifest.xml:50:13-36
154            android:permission="android.permission.BIND_JOB_SERVICE" />
154-->[androidx.work:work-runtime:2.10.0] AndroidManifest.xml:51:13-69
155        <service
155-->[androidx.work:work-runtime:2.10.0] AndroidManifest.xml:53:9-59:35
156            android:name="androidx.work.impl.foreground.SystemForegroundService"
156-->[androidx.work:work-runtime:2.10.0] AndroidManifest.xml:54:13-81
157            android:directBootAware="false"
157-->[androidx.work:work-runtime:2.10.0] AndroidManifest.xml:55:13-44
158            android:enabled="@bool/enable_system_foreground_service_default"
158-->[androidx.work:work-runtime:2.10.0] AndroidManifest.xml:56:13-77
159            android:exported="false" />
159-->[androidx.work:work-runtime:2.10.0] AndroidManifest.xml:57:13-37
160
161        <receiver
161-->[androidx.work:work-runtime:2.10.0] AndroidManifest.xml:61:9-66:35
162            android:name="androidx.work.impl.utils.ForceStopRunnable$BroadcastReceiver"
162-->[androidx.work:work-runtime:2.10.0] AndroidManifest.xml:62:13-88
163            android:directBootAware="false"
163-->[androidx.work:work-runtime:2.10.0] AndroidManifest.xml:63:13-44
164            android:enabled="true"
164-->[androidx.work:work-runtime:2.10.0] AndroidManifest.xml:64:13-35
165            android:exported="false" />
165-->[androidx.work:work-runtime:2.10.0] AndroidManifest.xml:65:13-37
166        <receiver
166-->[androidx.work:work-runtime:2.10.0] AndroidManifest.xml:67:9-77:20
167            android:name="androidx.work.impl.background.systemalarm.ConstraintProxy$BatteryChargingProxy"
167-->[androidx.work:work-runtime:2.10.0] AndroidManifest.xml:68:13-106
168            android:directBootAware="false"
168-->[androidx.work:work-runtime:2.10.0] AndroidManifest.xml:69:13-44
169            android:enabled="false"
169-->[androidx.work:work-runtime:2.10.0] AndroidManifest.xml:70:13-36
170            android:exported="false" >
170-->[androidx.work:work-runtime:2.10.0] AndroidManifest.xml:71:13-37
171            <intent-filter>
171-->[androidx.work:work-runtime:2.10.0] AndroidManifest.xml:73:13-76:29
172                <action android:name="android.intent.action.ACTION_POWER_CONNECTED" />
172-->[androidx.work:work-runtime:2.10.0] AndroidManifest.xml:74:17-87
172-->[androidx.work:work-runtime:2.10.0] AndroidManifest.xml:74:25-84
173                <action android:name="android.intent.action.ACTION_POWER_DISCONNECTED" />
173-->[androidx.work:work-runtime:2.10.0] AndroidManifest.xml:75:17-90
173-->[androidx.work:work-runtime:2.10.0] AndroidManifest.xml:75:25-87
174            </intent-filter>
175        </receiver>
176        <receiver
176-->[androidx.work:work-runtime:2.10.0] AndroidManifest.xml:78:9-88:20
177            android:name="androidx.work.impl.background.systemalarm.ConstraintProxy$BatteryNotLowProxy"
177-->[androidx.work:work-runtime:2.10.0] AndroidManifest.xml:79:13-104
178            android:directBootAware="false"
178-->[androidx.work:work-runtime:2.10.0] AndroidManifest.xml:80:13-44
179            android:enabled="false"
179-->[androidx.work:work-runtime:2.10.0] AndroidManifest.xml:81:13-36
180            android:exported="false" >
180-->[androidx.work:work-runtime:2.10.0] AndroidManifest.xml:82:13-37
181            <intent-filter>
181-->[androidx.work:work-runtime:2.10.0] AndroidManifest.xml:84:13-87:29
182                <action android:name="android.intent.action.BATTERY_OKAY" />
182-->[androidx.work:work-runtime:2.10.0] AndroidManifest.xml:85:17-77
182-->[androidx.work:work-runtime:2.10.0] AndroidManifest.xml:85:25-74
183                <action android:name="android.intent.action.BATTERY_LOW" />
183-->[androidx.work:work-runtime:2.10.0] AndroidManifest.xml:86:17-76
183-->[androidx.work:work-runtime:2.10.0] AndroidManifest.xml:86:25-73
184            </intent-filter>
185        </receiver>
186        <receiver
186-->[androidx.work:work-runtime:2.10.0] AndroidManifest.xml:89:9-99:20
187            android:name="androidx.work.impl.background.systemalarm.ConstraintProxy$StorageNotLowProxy"
187-->[androidx.work:work-runtime:2.10.0] AndroidManifest.xml:90:13-104
188            android:directBootAware="false"
188-->[androidx.work:work-runtime:2.10.0] AndroidManifest.xml:91:13-44
189            android:enabled="false"
189-->[androidx.work:work-runtime:2.10.0] AndroidManifest.xml:92:13-36
190            android:exported="false" >
190-->[androidx.work:work-runtime:2.10.0] AndroidManifest.xml:93:13-37
191            <intent-filter>
191-->[androidx.work:work-runtime:2.10.0] AndroidManifest.xml:95:13-98:29
192                <action android:name="android.intent.action.DEVICE_STORAGE_LOW" />
192-->[androidx.work:work-runtime:2.10.0] AndroidManifest.xml:96:17-83
192-->[androidx.work:work-runtime:2.10.0] AndroidManifest.xml:96:25-80
193                <action android:name="android.intent.action.DEVICE_STORAGE_OK" />
193-->[androidx.work:work-runtime:2.10.0] AndroidManifest.xml:97:17-82
193-->[androidx.work:work-runtime:2.10.0] AndroidManifest.xml:97:25-79
194            </intent-filter>
195        </receiver>
196        <receiver
196-->[androidx.work:work-runtime:2.10.0] AndroidManifest.xml:100:9-109:20
197            android:name="androidx.work.impl.background.systemalarm.ConstraintProxy$NetworkStateProxy"
197-->[androidx.work:work-runtime:2.10.0] AndroidManifest.xml:101:13-103
198            android:directBootAware="false"
198-->[androidx.work:work-runtime:2.10.0] AndroidManifest.xml:102:13-44
199            android:enabled="false"
199-->[androidx.work:work-runtime:2.10.0] AndroidManifest.xml:103:13-36
200            android:exported="false" >
200-->[androidx.work:work-runtime:2.10.0] AndroidManifest.xml:104:13-37
201            <intent-filter>
201-->[androidx.work:work-runtime:2.10.0] AndroidManifest.xml:106:13-108:29
202                <action android:name="android.net.conn.CONNECTIVITY_CHANGE" />
202-->[androidx.work:work-runtime:2.10.0] AndroidManifest.xml:107:17-79
202-->[androidx.work:work-runtime:2.10.0] AndroidManifest.xml:107:25-76
203            </intent-filter>
204        </receiver>
205        <receiver
205-->[androidx.work:work-runtime:2.10.0] AndroidManifest.xml:110:9-121:20
206            android:name="androidx.work.impl.background.systemalarm.RescheduleReceiver"
206-->[androidx.work:work-runtime:2.10.0] AndroidManifest.xml:111:13-88
207            android:directBootAware="false"
207-->[androidx.work:work-runtime:2.10.0] AndroidManifest.xml:112:13-44
208            android:enabled="false"
208-->[androidx.work:work-runtime:2.10.0] AndroidManifest.xml:113:13-36
209            android:exported="false" >
209-->[androidx.work:work-runtime:2.10.0] AndroidManifest.xml:114:13-37
210            <intent-filter>
210-->[androidx.work:work-runtime:2.10.0] AndroidManifest.xml:116:13-120:29
211                <action android:name="android.intent.action.BOOT_COMPLETED" />
211-->src\main\AndroidManifest.xml:99:17-79
211-->src\main\AndroidManifest.xml:99:25-76
212                <action android:name="android.intent.action.TIME_SET" />
212-->[androidx.work:work-runtime:2.10.0] AndroidManifest.xml:118:17-73
212-->[androidx.work:work-runtime:2.10.0] AndroidManifest.xml:118:25-70
213                <action android:name="android.intent.action.TIMEZONE_CHANGED" />
213-->[androidx.work:work-runtime:2.10.0] AndroidManifest.xml:119:17-81
213-->[androidx.work:work-runtime:2.10.0] AndroidManifest.xml:119:25-78
214            </intent-filter>
215        </receiver>
216        <receiver
216-->[androidx.work:work-runtime:2.10.0] AndroidManifest.xml:122:9-131:20
217            android:name="androidx.work.impl.background.systemalarm.ConstraintProxyUpdateReceiver"
217-->[androidx.work:work-runtime:2.10.0] AndroidManifest.xml:123:13-99
218            android:directBootAware="false"
218-->[androidx.work:work-runtime:2.10.0] AndroidManifest.xml:124:13-44
219            android:enabled="@bool/enable_system_alarm_service_default"
219-->[androidx.work:work-runtime:2.10.0] AndroidManifest.xml:125:13-72
220            android:exported="false" >
220-->[androidx.work:work-runtime:2.10.0] AndroidManifest.xml:126:13-37
221            <intent-filter>
221-->[androidx.work:work-runtime:2.10.0] AndroidManifest.xml:128:13-130:29
222                <action android:name="androidx.work.impl.background.systemalarm.UpdateProxies" />
222-->[androidx.work:work-runtime:2.10.0] AndroidManifest.xml:129:17-98
222-->[androidx.work:work-runtime:2.10.0] AndroidManifest.xml:129:25-95
223            </intent-filter>
224        </receiver>
225        <receiver
225-->[androidx.work:work-runtime:2.10.0] AndroidManifest.xml:132:9-142:20
226            android:name="androidx.work.impl.diagnostics.DiagnosticsReceiver"
226-->[androidx.work:work-runtime:2.10.0] AndroidManifest.xml:133:13-78
227            android:directBootAware="false"
227-->[androidx.work:work-runtime:2.10.0] AndroidManifest.xml:134:13-44
228            android:enabled="true"
228-->[androidx.work:work-runtime:2.10.0] AndroidManifest.xml:135:13-35
229            android:exported="true"
229-->[androidx.work:work-runtime:2.10.0] AndroidManifest.xml:136:13-36
230            android:permission="android.permission.DUMP" >
230-->[androidx.work:work-runtime:2.10.0] AndroidManifest.xml:137:13-57
231            <intent-filter>
231-->[androidx.work:work-runtime:2.10.0] AndroidManifest.xml:139:13-141:29
232                <action android:name="androidx.work.diagnostics.REQUEST_DIAGNOSTICS" />
232-->[androidx.work:work-runtime:2.10.0] AndroidManifest.xml:140:17-88
232-->[androidx.work:work-runtime:2.10.0] AndroidManifest.xml:140:25-85
233            </intent-filter>
234        </receiver>
235
236        <service
236-->[androidx.room:room-runtime:2.6.1] AndroidManifest.xml:24:9-28:63
237            android:name="androidx.room.MultiInstanceInvalidationService"
237-->[androidx.room:room-runtime:2.6.1] AndroidManifest.xml:25:13-74
238            android:directBootAware="true"
238-->[androidx.room:room-runtime:2.6.1] AndroidManifest.xml:26:13-43
239            android:exported="false" />
239-->[androidx.room:room-runtime:2.6.1] AndroidManifest.xml:27:13-37
240
241        <receiver
241-->[androidx.profileinstaller:profileinstaller:1.3.1] AndroidManifest.xml:34:9-52:20
242            android:name="androidx.profileinstaller.ProfileInstallReceiver"
242-->[androidx.profileinstaller:profileinstaller:1.3.1] AndroidManifest.xml:35:13-76
243            android:directBootAware="false"
243-->[androidx.profileinstaller:profileinstaller:1.3.1] AndroidManifest.xml:36:13-44
244            android:enabled="true"
244-->[androidx.profileinstaller:profileinstaller:1.3.1] AndroidManifest.xml:37:13-35
245            android:exported="true"
245-->[androidx.profileinstaller:profileinstaller:1.3.1] AndroidManifest.xml:38:13-36
246            android:permission="android.permission.DUMP" >
246-->[androidx.profileinstaller:profileinstaller:1.3.1] AndroidManifest.xml:39:13-57
247            <intent-filter>
247-->[androidx.profileinstaller:profileinstaller:1.3.1] AndroidManifest.xml:40:13-42:29
248                <action android:name="androidx.profileinstaller.action.INSTALL_PROFILE" />
248-->[androidx.profileinstaller:profileinstaller:1.3.1] AndroidManifest.xml:41:17-91
248-->[androidx.profileinstaller:profileinstaller:1.3.1] AndroidManifest.xml:41:25-88
249            </intent-filter>
250            <intent-filter>
250-->[androidx.profileinstaller:profileinstaller:1.3.1] AndroidManifest.xml:43:13-45:29
251                <action android:name="androidx.profileinstaller.action.SKIP_FILE" />
251-->[androidx.profileinstaller:profileinstaller:1.3.1] AndroidManifest.xml:44:17-85
251-->[androidx.profileinstaller:profileinstaller:1.3.1] AndroidManifest.xml:44:25-82
252            </intent-filter>
253            <intent-filter>
253-->[androidx.profileinstaller:profileinstaller:1.3.1] AndroidManifest.xml:46:13-48:29
254                <action android:name="androidx.profileinstaller.action.SAVE_PROFILE" />
254-->[androidx.profileinstaller:profileinstaller:1.3.1] AndroidManifest.xml:47:17-88
254-->[androidx.profileinstaller:profileinstaller:1.3.1] AndroidManifest.xml:47:25-85
255            </intent-filter>
256            <intent-filter>
256-->[androidx.profileinstaller:profileinstaller:1.3.1] AndroidManifest.xml:49:13-51:29
257                <action android:name="androidx.profileinstaller.action.BENCHMARK_OPERATION" />
257-->[androidx.profileinstaller:profileinstaller:1.3.1] AndroidManifest.xml:50:17-95
257-->[androidx.profileinstaller:profileinstaller:1.3.1] AndroidManifest.xml:50:25-92
258            </intent-filter>
259        </receiver>
260    </application>
261
262</manifest>